Compiling C:\Users\shoin\Chiba Institute of Technology\5号機 - ドキュメント\CIGS\02_Software\PIC\MMJ_SW_053_CIGS_PIC\mmj_cigs_main on 15-6-25 at 15:52
*** Error 1 "C:\Users\shoin\Chiba Institute of Technology\5号機 - ドキュメント\CIGS\02_Software\PIC\MMJ_SW_053_CIGS_PIC\lib\mt25q.h" Line 39(1,2): Illegal C character in input file  0x80
*** Error 1 "C:\Users\shoin\Chiba Institute of Technology\5号機 - ドキュメント\CIGS\02_Software\PIC\MMJ_SW_053_CIGS_PIC\lib\mt25q.h" Line 39(1,2): Illegal C character in input file  0x00
*** Error 1 "C:\Users\shoin\Chiba Institute of Technology\5号機 - ドキュメント\CIGS\02_Software\PIC\MMJ_SW_053_CIGS_PIC\lib\mt25q.h" Line 39(1,2): Illegal C character in input file  0xE4
*** Error 1 "C:\Users\shoin\Chiba Institute of Technology\5号機 - ドキュメント\CIGS\02_Software\PIC\MMJ_SW_053_CIGS_PIC\lib\mt25q.h" Line 39(1,2): Illegal C character in input file  0x03
*** Error 1 "C:\Users\shoin\Chiba Institute of Technology\5号機 - ドキュメント\CIGS\02_Software\PIC\MMJ_SW_053_CIGS_PIC\lib\mt25q.h" Line 39(1,2): Illegal C character in input file  0x00
*** Error 1 "C:\Users\shoin\Chiba Institute of Technology\5号機 - ドキュメント\CIGS\02_Software\PIC\MMJ_SW_053_CIGS_PIC\lib\mt25q.h" Line 39(1,2): Illegal C character in input file  0x00
*** Error 1 "C:\Users\shoin\Chiba Institute of Technology\5号機 - ドキュメント\CIGS\02_Software\PIC\MMJ_SW_053_CIGS_PIC\lib\mt25q.h" Line 39(1,2): Illegal C character in input file  0xFF
*** Error 1 "C:\Users\shoin\Chiba Institute of Technology\5号機 - ドキュメント\CIGS\02_Software\PIC\MMJ_SW_053_CIGS_PIC\lib\mt25q.h" Line 39(1,2): Illegal C character in input file  0xFF
*** Error 1 "C:\Users\shoin\Chiba Institute of Technology\5号機 - ドキュメント\CIGS\02_Software\PIC\MMJ_SW_053_CIGS_PIC\lib\mt25q.h" Line 39(1,2): Illegal C character in input file  0xFF
*** Error 1 "C:\Users\shoin\Chiba Institute of Technology\5号機 - ドキュメント\CIGS\02_Software\PIC\MMJ_SW_053_CIGS_PIC\lib\mt25q.h" Line 39(1,2): Illegal C character in input file  0x00
*** Error 1 "C:\Users\shoin\Chiba Institute of Technology\5号機 - ドキュメント\CIGS\02_Software\PIC\MMJ_SW_053_CIGS_PIC\lib\mt25q.h" Line 39(1,2): Illegal C character in input file  0x06
*** Error 1 "C:\Users\shoin\Chiba Institute of Technology\5号機 - ドキュメント\CIGS\02_Software\PIC\MMJ_SW_053_CIGS_PIC\lib\mt25q.h" Line 39(1,2): Illegal C character in input file  0x00
*** Error 1 "C:\Users\shoin\Chiba Institute of Technology\5号機 - ドキュメント\CIGS\02_Software\PIC\MMJ_SW_053_CIGS_PIC\lib\mt25q.h" Line 39(1,2): Illegal C character in input file  0x00
*** Error 1 "C:\Users\shoin\Chiba Institute of Technology\5号機 - ドキュメント\CIGS\02_Software\PIC\MMJ_SW_053_CIGS_PIC\lib\mt25q.h" Line 39(1,2): Illegal C character in input file  0x00
*** Error 1 "C:\Users\shoin\Chiba Institute of Technology\5号機 - ドキュメント\CIGS\02_Software\PIC\MMJ_SW_053_CIGS_PIC\lib\mt25q.h" Line 39(1,2): Illegal C character in input file  0x00
*** Error 1 "C:\Users\shoin\Chiba Institute of Technology\5号機 - ドキュメント\CIGS\02_Software\PIC\MMJ_SW_053_CIGS_PIC\lib\mt25q.h" Line 39(1,2): Illegal C character in input file  0x00
*** Error 1 "C:\Users\shoin\Chiba Institute of Technology\5号機 - ドキュメント\CIGS\02_Software\PIC\MMJ_SW_053_CIGS_PIC\lib\mt25q.h" Line 39(1,2): Illegal C character in input file  0x00
*** Error 1 "C:\Users\shoin\Chiba Institute of Technology\5号機 - ドキュメント\CIGS\02_Software\PIC\MMJ_SW_053_CIGS_PIC\lib\mt25q.h" Line 39(1,2): Illegal C character in input file  0x00
*** Error 1 "C:\Users\shoin\Chiba Institute of Technology\5号機 - ドキュメント\CIGS\02_Software\PIC\MMJ_SW_053_CIGS_PIC\lib\mt25q.h" Line 39(1,2): Illegal C character in input file  0xB5
*** Error 1 "C:\Users\shoin\Chiba Institute of Technology\5号機 - ドキュメント\CIGS\02_Software\PIC\MMJ_SW_053_CIGS_PIC\lib\mt25q.h" Line 39(1,2): Illegal C character in input file  0x8B
*** Error 1 "C:\Users\shoin\Chiba Institute of Technology\5号機 - ドキュメント\CIGS\02_Software\PIC\MMJ_SW_053_CIGS_PIC\lib\mt25q.h" Line 39(0,1): Illegal C character in input file  0x02
*** Error 1 "C:\Users\shoin\Chiba Institute of Technology\5号機 - ドキュメント\CIGS\02_Software\PIC\MMJ_SW_053_CIGS_PIC\lib\mt25q.h" Line 39(0,1): Illegal C character in input file  0xD8
*** Error 1 "C:\Users\shoin\Chiba Institute of Technology\5号機 - ドキュメント\CIGS\02_Software\PIC\MMJ_SW_053_CIGS_PIC\lib\mt25q.h" Line 39(0,1): Illegal C character in input file  0xD7
*** Error 48 "C:\Users\shoin\Chiba Institute of Technology\5号機 - ドキュメント\CIGS\02_Software\PIC\MMJ_SW_053_CIGS_PIC\lib\mt25q.h" Line 39(0,1): Expecting a (
*** Error 1 "C:\Users\shoin\Chiba Institute of Technology\5号機 - ドキュメント\CIGS\02_Software\PIC\MMJ_SW_053_CIGS_PIC\lib\mt25q.h" Line 39(5,6): Illegal C character in input file  0xF5
*** Error 1 "C:\Users\shoin\Chiba Institute of Technology\5号機 - ドキュメント\CIGS\02_Software\PIC\MMJ_SW_053_CIGS_PIC\lib\mt25q.h" Line 39(7,8): Illegal C character in input file  0xE6
*** Error 1 "C:\Users\shoin\Chiba Institute of Technology\5号機 - ドキュメント\CIGS\02_Software\PIC\MMJ_SW_053_CIGS_PIC\lib\mt25q.h" Line 39(7,8): Illegal C character in input file  0x40
*** Error 1 "C:\Users\shoin\Chiba Institute of Technology\5号機 - ドキュメント\CIGS\02_Software\PIC\MMJ_SW_053_CIGS_PIC\lib\mt25q.h" Line 39(7,8): Illegal C character in input file  0x02
*** Error 1 "C:\Users\shoin\Chiba Institute of Technology\5号機 - ドキュメント\CIGS\02_Software\PIC\MMJ_SW_053_CIGS_PIC\lib\mt25q.h" Line 39(7,8): Illegal C character in input file  0x00
*** Error 1 "C:\Users\shoin\Chiba Institute of Technology\5号機 - ドキュメント\CIGS\02_Software\PIC\MMJ_SW_053_CIGS_PIC\lib\mt25q.h" Line 39(7,8): Illegal C character in input file  0x00
*** Error 1 "C:\Users\shoin\Chiba Institute of Technology\5号機 - ドキュメント\CIGS\02_Software\PIC\MMJ_SW_053_CIGS_PIC\lib\mt25q.h" Line 39(7,8): Illegal C character in input file  0x00
*** Error 1 "C:\Users\shoin\Chiba Institute of Technology\5号機 - ドキュメント\CIGS\02_Software\PIC\MMJ_SW_053_CIGS_PIC\lib\mt25q.h" Line 39(7,8): Illegal C character in input file  0x00
*** Error 1 "C:\Users\shoin\Chiba Institute of Technology\5号機 - ドキュメント\CIGS\02_Software\PIC\MMJ_SW_053_CIGS_PIC\lib\mt25q.h" Line 39(7,8): Illegal C character in input file  0x00
*** Error 1 "C:\Users\shoin\Chiba Institute of Technology\5号機 - ドキュメント\CIGS\02_Software\PIC\MMJ_SW_053_CIGS_PIC\lib\mt25q.h" Line 39(7,8): Illegal C character in input file  0x00
*** Error 1 "C:\Users\shoin\Chiba Institute of Technology\5号機 - ドキュメント\CIGS\02_Software\PIC\MMJ_SW_053_CIGS_PIC\lib\mt25q.h" Line 39(7,8): Illegal C character in input file  0x00
*** Error 1 "C:\Users\shoin\Chiba Institute of Technology\5号機 - ドキュメント\CIGS\02_Software\PIC\MMJ_SW_053_CIGS_PIC\lib\mt25q.h" Line 39(7,8): Illegal C character in input file  0x24
*** Error 1 "C:\Users\shoin\Chiba Institute of Technology\5号機 - ドキュメント\CIGS\02_Software\PIC\MMJ_SW_053_CIGS_PIC\lib\mt25q.h" Line 39(7,8): Illegal C character in input file  0x12
*** Error 1 "C:\Users\shoin\Chiba Institute of Technology\5号機 - ドキュメント\CIGS\02_Software\PIC\MMJ_SW_053_CIGS_PIC\lib\mt25q.h" Line 39(7,8): Illegal C character in input file  0x00
*** Error 1 "C:\Users\shoin\Chiba Institute of Technology\5号機 - ドキュメント\CIGS\02_Software\PIC\MMJ_SW_053_CIGS_PIC\lib\mt25q.h" Line 39(7,8): Illegal C character in input file  0x00
*** Error 1 "C:\Users\shoin\Chiba Institute of Technology\5号機 - ドキュメント\CIGS\02_Software\PIC\MMJ_SW_053_CIGS_PIC\lib\mt25q.h" Line 39(7,8): Illegal C character in input file  0xB0
*** Error 1 "C:\Users\shoin\Chiba Institute of Technology\5号機 - ドキュメント\CIGS\02_Software\PIC\MMJ_SW_053_CIGS_PIC\lib\mt25q.h" Line 39(7,8): Illegal C character in input file  0xD7
*** Error 1 "C:\Users\shoin\Chiba Institute of Technology\5号機 - ドキュメント\CIGS\02_Software\PIC\MMJ_SW_053_CIGS_PIC\lib\mt25q.h" Line 39(7,8): Illegal C character in input file  0x01
*** Error 1 "C:\Users\shoin\Chiba Institute of Technology\5号機 - ドキュメント\CIGS\02_Software\PIC\MMJ_SW_053_CIGS_PIC\lib\mt25q.h" Line 39(7,8): Illegal C character in input file  0x00
*** Error 1 "C:\Users\shoin\Chiba Institute of Technology\5号機 - ドキュメント\CIGS\02_Software\PIC\MMJ_SW_053_CIGS_PIC\lib\mt25q.h" Line 39(7,8): Illegal C character in input file  0x80
*** Error 1 "C:\Users\shoin\Chiba Institute of Technology\5号機 - ドキュメント\CIGS\02_Software\PIC\MMJ_SW_053_CIGS_PIC\lib\mt25q.h" Line 39(7,8): Illegal C character in input file  0x00
*** Error 1 "C:\Users\shoin\Chiba Institute of Technology\5号機 - ドキュメント\CIGS\02_Software\PIC\MMJ_SW_053_CIGS_PIC\lib\mt25q.h" Line 39(7,8): Illegal C character in input file  0x00
*** Error 1 "C:\Users\shoin\Chiba Institute of Technology\5号機 - ドキュメント\CIGS\02_Software\PIC\MMJ_SW_053_CIGS_PIC\lib\mt25q.h" Line 39(7,8): Illegal C character in input file  0x00
*** Error 1 "C:\Users\shoin\Chiba Institute of Technology\5号機 - ドキュメント\CIGS\02_Software\PIC\MMJ_SW_053_CIGS_PIC\lib\mt25q.h" Line 39(7,8): Illegal C character in input file  0x00
*** Error 1 "C:\Users\shoin\Chiba Institute of Technology\5号機 - ドキュメント\CIGS\02_Software\PIC\MMJ_SW_053_CIGS_PIC\lib\mt25q.h" Line 39(7,8): Illegal C character in input file  0x00
*** Error 1 "C:\Users\shoin\Chiba Institute of Technology\5号機 - ドキュメント\CIGS\02_Software\PIC\MMJ_SW_053_CIGS_PIC\lib\mt25q.h" Line 39(7,8): Illegal C character in input file  0x00
*** Error 1 "C:\Users\shoin\Chiba Institute of Technology\5号機 - ドキュメント\CIGS\02_Software\PIC\MMJ_SW_053_CIGS_PIC\lib\mt25q.h" Line 39(7,8): Illegal C character in input file  0x00
*** Error 1 "C:\Users\shoin\Chiba Institute of Technology\5号機 - ドキュメント\CIGS\02_Software\PIC\MMJ_SW_053_CIGS_PIC\lib\mt25q.h" Line 39(7,8): Illegal C character in input file  0x00
*** Error 1 "C:\Users\shoin\Chiba Institute of Technology\5号機 - ドキュメント\CIGS\02_Software\PIC\MMJ_SW_053_CIGS_PIC\lib\mt25q.h" Line 39(7,8): Illegal C character in input file  0x00
*** Error 1 "C:\Users\shoin\Chiba Institute of Technology\5号機 - ドキュメント\CIGS\02_Software\PIC\MMJ_SW_053_CIGS_PIC\lib\mt25q.h" Line 39(7,8): Illegal C character in input file  0x00
*** Error 1 "C:\Users\shoin\Chiba Institute of Technology\5号機 - ドキュメント\CIGS\02_Software\PIC\MMJ_SW_053_CIGS_PIC\lib\mt25q.h" Line 39(7,8): Illegal C character in input file  0x00
*** Error 48 "C:\Users\shoin\Chiba Institute of Technology\5号機 - ドキュメント\CIGS\02_Software\PIC\MMJ_SW_053_CIGS_PIC\lib\mt25q.h" Line 39(5,6): Expecting a (
*** Error 1 "C:\Users\shoin\Chiba Institute of Technology\5号機 - ドキュメント\CIGS\02_Software\PIC\MMJ_SW_053_CIGS_PIC\lib\mt25q.h" Line 39(15,16): Illegal C character in input file  0xC0
*** Error 1 "C:\Users\shoin\Chiba Institute of Technology\5号機 - ドキュメント\CIGS\02_Software\PIC\MMJ_SW_053_CIGS_PIC\lib\src\mt25q.c" Line 33(1,2): Illegal C character in input file  0x80
*** Error 1 "C:\Users\shoin\Chiba Institute of Technology\5号機 - ドキュメント\CIGS\02_Software\PIC\MMJ_SW_053_CIGS_PIC\lib\src\mt25q.c" Line 33(1,2): Illegal C character in input file  0x00
*** Error 1 "C:\Users\shoin\Chiba Institute of Technology\5号機 - ドキュメント\CIGS\02_Software\PIC\MMJ_SW_053_CIGS_PIC\lib\src\mt25q.c" Line 33(1,2): Illegal C character in input file  0xB2
*** Error 1 "C:\Users\shoin\Chiba Institute of Technology\5号機 - ドキュメント\CIGS\02_Software\PIC\MMJ_SW_053_CIGS_PIC\lib\src\mt25q.c" Line 33(1,2): Illegal C character in input file  0x04
*** Error 1 "C:\Users\shoin\Chiba Institute of Technology\5号機 - ドキュメント\CIGS\02_Software\PIC\MMJ_SW_053_CIGS_PIC\lib\src\mt25q.c" Line 33(1,2): Illegal C character in input file  0x00
*** Error 1 "C:\Users\shoin\Chiba Institute of Technology\5号機 - ドキュメント\CIGS\02_Software\PIC\MMJ_SW_053_CIGS_PIC\lib\src\mt25q.c" Line 33(1,2): Illegal C character in input file  0x00
*** Error 1 "C:\Users\shoin\Chiba Institute of Technology\5号機 - ドキュメント\CIGS\02_Software\PIC\MMJ_SW_053_CIGS_PIC\lib\src\mt25q.c" Line 33(1,2): Illegal C character in input file  0xFF
*** Error 1 "C:\Users\shoin\Chiba Institute of Technology\5号機 - ドキュメント\CIGS\02_Software\PIC\MMJ_SW_053_CIGS_PIC\lib\src\mt25q.c" Line 33(1,2): Illegal C character in input file  0xFF
*** Error 1 "C:\Users\shoin\Chiba Institute of Technology\5号機 - ドキュメント\CIGS\02_Software\PIC\MMJ_SW_053_CIGS_PIC\lib\src\mt25q.c" Line 33(1,2): Illegal C character in input file  0xFF
*** Error 1 "C:\Users\shoin\Chiba Institute of Technology\5号機 - ドキュメント\CIGS\02_Software\PIC\MMJ_SW_053_CIGS_PIC\lib\src\mt25q.c" Line 33(1,2): Illegal C character in input file  0x00
*** Error 1 "C:\Users\shoin\Chiba Institute of Technology\5号機 - ドキュメント\CIGS\02_Software\PIC\MMJ_SW_053_CIGS_PIC\lib\src\mt25q.c" Line 33(1,2): Illegal C character in input file  0x06
*** Error 1 "C:\Users\shoin\Chiba Institute of Technology\5号機 - ドキュメント\CIGS\02_Software\PIC\MMJ_SW_053_CIGS_PIC\lib\src\mt25q.c" Line 33(1,2): Illegal C character in input file  0x00
*** Error 1 "C:\Users\shoin\Chiba Institute of Technology\5号機 - ドキュメント\CIGS\02_Software\PIC\MMJ_SW_053_CIGS_PIC\lib\src\mt25q.c" Line 33(1,2): Illegal C character in input file  0x00
*** Error 1 "C:\Users\shoin\Chiba Institute of Technology\5号機 - ドキュメント\CIGS\02_Software\PIC\MMJ_SW_053_CIGS_PIC\lib\src\mt25q.c" Line 33(1,2): Illegal C character in input file  0x00
*** Error 1 "C:\Users\shoin\Chiba Institute of Technology\5号機 - ドキュメント\CIGS\02_Software\PIC\MMJ_SW_053_CIGS_PIC\lib\src\mt25q.c" Line 33(1,2): Illegal C character in input file  0x00
*** Error 1 "C:\Users\shoin\Chiba Institute of Technology\5号機 - ドキュメント\CIGS\02_Software\PIC\MMJ_SW_053_CIGS_PIC\lib\src\mt25q.c" Line 33(1,2): Illegal C character in input file  0x00
*** Error 1 "C:\Users\shoin\Chiba Institute of Technology\5号機 - ドキュメント\CIGS\02_Software\PIC\MMJ_SW_053_CIGS_PIC\lib\src\mt25q.c" Line 33(1,2): Illegal C character in input file  0x00
*** Error 1 "C:\Users\shoin\Chiba Institute of Technology\5号機 - ドキュメント\CIGS\02_Software\PIC\MMJ_SW_053_CIGS_PIC\lib\src\mt25q.c" Line 33(1,2): Illegal C character in input file  0x00
*** Error 1 "C:\Users\shoin\Chiba Institute of Technology\5号機 - ドキュメント\CIGS\02_Software\PIC\MMJ_SW_053_CIGS_PIC\lib\src\mt25q.c" Line 33(1,2): Illegal C character in input file  0xE2
*** Error 32 "C:\Users\shoin\Chiba Institute of Technology\5号機 - ドキュメント\CIGS\02_Software\PIC\MMJ_SW_053_CIGS_PIC\lib\src\mt25q.c" Line 33(122,128): Expecting a , or )
*** Error 1 "C:\Users\shoin\Chiba Institute of Technology\5号機 - ドキュメント\CIGS\02_Software\PIC\MMJ_SW_053_CIGS_PIC\lib\src\mt25q.c" Line 33(8,9): Illegal C character in input file  0xA7
*** Error 1 "C:\Users\shoin\Chiba Institute of Technology\5号機 - ドキュメント\CIGS\02_Software\PIC\MMJ_SW_053_CIGS_PIC\lib\src\mt25q.c" Line 33(8,9): Illegal C character in input file  0xDB
*** Error 48 "C:\Users\shoin\Chiba Institute of Technology\5号機 - ドキュメント\CIGS\02_Software\PIC\MMJ_SW_053_CIGS_PIC\lib\src\mt25q.c" Line 33(8,9): Expecting a (
*** Error 48 "C:\Users\shoin\Chiba Institute of Technology\5号機 - ドキュメント\CIGS\02_Software\PIC\MMJ_SW_053_CIGS_PIC\lib\src\mt25q.c" Line 33(12,13): Expecting a (
*** Error 1 "C:\Users\shoin\Chiba Institute of Technology\5号機 - ドキュメント\CIGS\02_Software\PIC\MMJ_SW_053_CIGS_PIC\lib\src\mt25q.c" Line 33(14,15): Illegal C character in input file  0xF5
*** Error 1 "C:\Users\shoin\Chiba Institute of Technology\5号機 - ドキュメント\CIGS\02_Software\PIC\MMJ_SW_053_CIGS_PIC\lib\src\mt25q.c" Line 33(16,17): Illegal C character in input file  0xE6
*** Error 1 "C:\Users\shoin\Chiba Institute of Technology\5号機 - ドキュメント\CIGS\02_Software\PIC\MMJ_SW_053_CIGS_PIC\lib\src\mt25q.c" Line 33(16,17): Illegal C character in input file  0x40
*** Error 1 "C:\Users\shoin\Chiba Institute of Technology\5号機 - ドキュメント\CIGS\02_Software\PIC\MMJ_SW_053_CIGS_PIC\lib\src\mt25q.c" Line 33(16,17): Illegal C character in input file  0x03
*** Error 1 "C:\Users\shoin\Chiba Institute of Technology\5号機 - ドキュメント\CIGS\02_Software\PIC\MMJ_SW_053_CIGS_PIC\lib\src\mt25q.c" Line 33(16,17): Illegal C character in input file  0x00
*** Error 1 "C:\Users\shoin\Chiba Institute of Technology\5号機 - ドキュメント\CIGS\02_Software\PIC\MMJ_SW_053_CIGS_PIC\lib\src\mt25q.c" Line 33(16,17): Illegal C character in input file  0x00
*** Error 1 "C:\Users\shoin\Chiba Institute of Technology\5号機 - ドキュメント\CIGS\02_Software\PIC\MMJ_SW_053_CIGS_PIC\lib\src\mt25q.c" Line 33(16,17): Illegal C character in input file  0x00
*** Error 1 "C:\Users\shoin\Chiba Institute of Technology\5号機 - ドキュメント\CIGS\02_Software\PIC\MMJ_SW_053_CIGS_PIC\lib\src\mt25q.c" Line 33(16,17): Illegal C character in input file  0x00
*** Error 1 "C:\Users\shoin\Chiba Institute of Technology\5号機 - ドキュメント\CIGS\02_Software\PIC\MMJ_SW_053_CIGS_PIC\lib\src\mt25q.c" Line 33(16,17): Illegal C character in input file  0x00
*** Error 1 "C:\Users\shoin\Chiba Institute of Technology\5号機 - ドキュメント\CIGS\02_Software\PIC\MMJ_SW_053_CIGS_PIC\lib\src\mt25q.c" Line 33(16,17): Illegal C character in input file  0x00
*** Error 1 "C:\Users\shoin\Chiba Institute of Technology\5号機 - ドキュメント\CIGS\02_Software\PIC\MMJ_SW_053_CIGS_PIC\lib\src\mt25q.c" Line 33(16,17): Illegal C character in input file  0x00
*** Error 1 "C:\Users\shoin\Chiba Institute of Technology\5号機 - ドキュメント\CIGS\02_Software\PIC\MMJ_SW_053_CIGS_PIC\lib\src\mt25q.c" Line 33(16,17): Illegal C character in input file  0x24
*** Error 1 "C:\Users\shoin\Chiba Institute of Technology\5号機 - ドキュメント\CIGS\02_Software\PIC\MMJ_SW_053_CIGS_PIC\lib\src\mt25q.c" Line 33(16,17): Illegal C character in input file  0x12
*** Error 1 "C:\Users\shoin\Chiba Institute of Technology\5号機 - ドキュメント\CIGS\02_Software\PIC\MMJ_SW_053_CIGS_PIC\lib\src\mt25q.c" Line 33(16,17): Illegal C character in input file  0x00
*** Error 1 "C:\Users\shoin\Chiba Institute of Technology\5号機 - ドキュメント\CIGS\02_Software\PIC\MMJ_SW_053_CIGS_PIC\lib\src\mt25q.c" Line 33(16,17): Illegal C character in input file  0x00
*** Error 1 "C:\Users\shoin\Chiba Institute of Technology\5号機 - ドキュメント\CIGS\02_Software\PIC\MMJ_SW_053_CIGS_PIC\lib\src\mt25q.c" Line 33(16,17): Illegal C character in input file  0xB0
*** Error 1 "C:\Users\shoin\Chiba Institute of Technology\5号機 - ドキュメント\CIGS\02_Software\PIC\MMJ_SW_053_CIGS_PIC\lib\src\mt25q.c" Line 33(16,17): Illegal C character in input file  0xD7
*** Error 1 "C:\Users\shoin\Chiba Institute of Technology\5号機 - ドキュメント\CIGS\02_Software\PIC\MMJ_SW_053_CIGS_PIC\lib\src\mt25q.c" Line 33(16,17): Illegal C character in input file  0x01
*** Error 1 "C:\Users\shoin\Chiba Institute of Technology\5号機 - ドキュメント\CIGS\02_Software\PIC\MMJ_SW_053_CIGS_PIC\lib\src\mt25q.c" Line 33(16,17): Illegal C character in input file  0x00
*** Error 1 "C:\Users\shoin\Chiba Institute of Technology\5号機 - ドキュメント\CIGS\02_Software\PIC\MMJ_SW_053_CIGS_PIC\lib\src\mt25q.c" Line 33(16,17): Illegal C character in input file  0x80
