Compiling C:\Users\shoin\source\repos\MMJ_SW_053_CIGS_PIC\cigs\mmj_cigs_main on 23-9-25 at 16:29
>>> Warning 225 "C:\Users\shoin\source\repos\MMJ_SW_053_CIGS_PIC\cigs\domain\mmj_cigs_flash.h" Line 21(34,40): Duplicate #define
*** Error 1 "C:\Users\shoin\source\repos\MMJ_SW_053_CIGS_PIC\cigs\domain\mmj_cigs_iv.c" Line 238(1,2): Illegal C character in input file  0x80
*** Error 1 "C:\Users\shoin\source\repos\MMJ_SW_053_CIGS_PIC\cigs\domain\mmj_cigs_iv.c" Line 238(1,2): Illegal C character in input file  0x00
*** Error 1 "C:\Users\shoin\source\repos\MMJ_SW_053_CIGS_PIC\cigs\domain\mmj_cigs_iv.c" Line 238(1,2): Illegal C character in input file  0x0F
*** Error 1 "C:\Users\shoin\source\repos\MMJ_SW_053_CIGS_PIC\cigs\domain\mmj_cigs_iv.c" Line 238(1,2): Illegal C character in input file  0x1C
*** Error 1 "C:\Users\shoin\source\repos\MMJ_SW_053_CIGS_PIC\cigs\domain\mmj_cigs_iv.c" Line 238(1,2): Illegal C character in input file  0x00
*** Error 1 "C:\Users\shoin\source\repos\MMJ_SW_053_CIGS_PIC\cigs\domain\mmj_cigs_iv.c" Line 238(1,2): Illegal C character in input file  0x00
*** Error 1 "C:\Users\shoin\source\repos\MMJ_SW_053_CIGS_PIC\cigs\domain\mmj_cigs_iv.c" Line 238(1,2): Illegal C character in input file  0xFF
*** Error 1 "C:\Users\shoin\source\repos\MMJ_SW_053_CIGS_PIC\cigs\domain\mmj_cigs_iv.c" Line 238(1,2): Illegal C character in input file  0xFF
*** Error 1 "C:\Users\shoin\source\repos\MMJ_SW_053_CIGS_PIC\cigs\domain\mmj_cigs_iv.c" Line 238(1,2): Illegal C character in input file  0xFF
*** Error 1 "C:\Users\shoin\source\repos\MMJ_SW_053_CIGS_PIC\cigs\domain\mmj_cigs_iv.c" Line 238(1,2): Illegal C character in input file  0x00
*** Error 1 "C:\Users\shoin\source\repos\MMJ_SW_053_CIGS_PIC\cigs\domain\mmj_cigs_iv.c" Line 238(1,2): Illegal C character in input file  0x05
*** Error 1 "C:\Users\shoin\source\repos\MMJ_SW_053_CIGS_PIC\cigs\domain\mmj_cigs_iv.c" Line 238(1,2): Illegal C character in input file  0x00
*** Error 1 "C:\Users\shoin\source\repos\MMJ_SW_053_CIGS_PIC\cigs\domain\mmj_cigs_iv.c" Line 238(1,2): Illegal C character in input file  0x00
*** Error 1 "C:\Users\shoin\source\repos\MMJ_SW_053_CIGS_PIC\cigs\domain\mmj_cigs_iv.c" Line 238(1,2): Illegal C character in input file  0x00
*** Error 1 "C:\Users\shoin\source\repos\MMJ_SW_053_CIGS_PIC\cigs\domain\mmj_cigs_iv.c" Line 238(1,2): Illegal C character in input file  0x00
*** Error 1 "C:\Users\shoin\source\repos\MMJ_SW_053_CIGS_PIC\cigs\domain\mmj_cigs_iv.c" Line 238(1,2): Illegal C character in input file  0x00
*** Error 1 "C:\Users\shoin\source\repos\MMJ_SW_053_CIGS_PIC\cigs\domain\mmj_cigs_iv.c" Line 238(1,2): Illegal C character in input file  0x00
*** Error 1 "C:\Users\shoin\source\repos\MMJ_SW_053_CIGS_PIC\cigs\domain\mmj_cigs_iv.c" Line 238(1,2): Illegal C character in input file  0x00
*** Error 58 "C:\Users\shoin\source\repos\MMJ_SW_053_CIGS_PIC\cigs\domain\mmj_cigs_iv.c" Line 238(6,7): Expecting a close paren
*** Error 1 "C:\Users\shoin\source\repos\MMJ_SW_053_CIGS_PIC\cigs\domain\mmj_cigs_iv.c" Line 238(8,9): Illegal C character in input file  0x02
*** Error 1 "C:\Users\shoin\source\repos\MMJ_SW_053_CIGS_PIC\cigs\domain\mmj_cigs_iv.c" Line 238(8,9): Illegal C character in input file  0xAC
*** Error 1 "C:\Users\shoin\source\repos\MMJ_SW_053_CIGS_PIC\cigs\domain\mmj_cigs_iv.c" Line 238(11,12): Illegal C character in input file  0xFB
*** Error 1 "C:\Users\shoin\source\repos\MMJ_SW_053_CIGS_PIC\cigs\domain\mmj_cigs_iv.c" Line 238(14,15): Illegal C character in input file  0xE6
*** Error 1 "C:\Users\shoin\source\repos\MMJ_SW_053_CIGS_PIC\cigs\domain\mmj_cigs_iv.c" Line 238(14,15): Illegal C character in input file  0x40
*** Error 1 "C:\Users\shoin\source\repos\MMJ_SW_053_CIGS_PIC\cigs\domain\mmj_cigs_iv.c" Line 238(14,15): Illegal C character in input file  0x01
*** Error 1 "C:\Users\shoin\source\repos\MMJ_SW_053_CIGS_PIC\cigs\domain\mmj_cigs_iv.c" Line 238(14,15): Illegal C character in input file  0x00
*** Error 1 "C:\Users\shoin\source\repos\MMJ_SW_053_CIGS_PIC\cigs\domain\mmj_cigs_iv.c" Line 238(14,15): Illegal C character in input file  0x00
*** Error 1 "C:\Users\shoin\source\repos\MMJ_SW_053_CIGS_PIC\cigs\domain\mmj_cigs_iv.c" Line 238(14,15): Illegal C character in input file  0x00
*** Error 1 "C:\Users\shoin\source\repos\MMJ_SW_053_CIGS_PIC\cigs\domain\mmj_cigs_iv.c" Line 238(14,15): Illegal C character in input file  0x00
*** Error 1 "C:\Users\shoin\source\repos\MMJ_SW_053_CIGS_PIC\cigs\domain\mmj_cigs_iv.c" Line 238(14,15): Illegal C character in input file  0x00
*** Error 1 "C:\Users\shoin\source\repos\MMJ_SW_053_CIGS_PIC\cigs\domain\mmj_cigs_iv.c" Line 238(14,15): Illegal C character in input file  0x00
*** Error 1 "C:\Users\shoin\source\repos\MMJ_SW_053_CIGS_PIC\cigs\domain\mmj_cigs_iv.c" Line 238(14,15): Illegal C character in input file  0x00
*** Error 1 "C:\Users\shoin\source\repos\MMJ_SW_053_CIGS_PIC\cigs\domain\mmj_cigs_iv.c" Line 238(14,15): Illegal C character in input file  0xA0
*** Error 1 "C:\Users\shoin\source\repos\MMJ_SW_053_CIGS_PIC\cigs\domain\mmj_cigs_iv.c" Line 238(14,15): Illegal C character in input file  0x08
*** Error 1 "C:\Users\shoin\source\repos\MMJ_SW_053_CIGS_PIC\cigs\domain\mmj_cigs_iv.c" Line 238(14,15): Illegal C character in input file  0x00
*** Error 1 "C:\Users\shoin\source\repos\MMJ_SW_053_CIGS_PIC\cigs\domain\mmj_cigs_iv.c" Line 238(14,15): Illegal C character in input file  0x00
*** Error 1 "C:\Users\shoin\source\repos\MMJ_SW_053_CIGS_PIC\cigs\domain\mmj_cigs_iv.c" Line 238(14,15): Illegal C character in input file  0xB0
*** Error 1 "C:\Users\shoin\source\repos\MMJ_SW_053_CIGS_PIC\cigs\domain\mmj_cigs_iv.c" Line 238(14,15): Illegal C character in input file  0xD7
*** Error 1 "C:\Users\shoin\source\repos\MMJ_SW_053_CIGS_PIC\cigs\domain\mmj_cigs_iv.c" Line 238(14,15): Illegal C character in input file  0x01
*** Error 1 "C:\Users\shoin\source\repos\MMJ_SW_053_CIGS_PIC\cigs\domain\mmj_cigs_iv.c" Line 238(14,15): Illegal C character in input file  0x00
*** Error 1 "C:\Users\shoin\source\repos\MMJ_SW_053_CIGS_PIC\cigs\domain\mmj_cigs_iv.c" Line 238(14,15): Illegal C character in input file  0x80
*** Error 1 "C:\Users\shoin\source\repos\MMJ_SW_053_CIGS_PIC\cigs\domain\mmj_cigs_iv.c" Line 238(14,15): Illegal C character in input file  0x00
*** Error 1 "C:\Users\shoin\source\repos\MMJ_SW_053_CIGS_PIC\cigs\domain\mmj_cigs_iv.c" Line 238(14,15): Illegal C character in input file  0x00
*** Error 1 "C:\Users\shoin\source\repos\MMJ_SW_053_CIGS_PIC\cigs\domain\mmj_cigs_iv.c" Line 238(14,15): Illegal C character in input file  0x00
*** Error 1 "C:\Users\shoin\source\repos\MMJ_SW_053_CIGS_PIC\cigs\domain\mmj_cigs_iv.c" Line 238(14,15): Illegal C character in input file  0x00
*** Error 1 "C:\Users\shoin\source\repos\MMJ_SW_053_CIGS_PIC\cigs\domain\mmj_cigs_iv.c" Line 238(14,15): Illegal C character in input file  0x00
*** Error 1 "C:\Users\shoin\source\repos\MMJ_SW_053_CIGS_PIC\cigs\domain\mmj_cigs_iv.c" Line 238(14,15): Illegal C character in input file  0x00
*** Error 1 "C:\Users\shoin\source\repos\MMJ_SW_053_CIGS_PIC\cigs\domain\mmj_cigs_iv.c" Line 238(14,15): Illegal C character in input file  0x00
*** Error 1 "C:\Users\shoin\source\repos\MMJ_SW_053_CIGS_PIC\cigs\domain\mmj_cigs_iv.c" Line 238(14,15): Illegal C character in input file  0x00
*** Error 1 "C:\Users\shoin\source\repos\MMJ_SW_053_CIGS_PIC\cigs\domain\mmj_cigs_iv.c" Line 238(14,15): Illegal C character in input file  0x00
*** Error 1 "C:\Users\shoin\source\repos\MMJ_SW_053_CIGS_PIC\cigs\domain\mmj_cigs_iv.c" Line 238(14,15): Illegal C character in input file  0x00
*** Error 1 "C:\Users\shoin\source\repos\MMJ_SW_053_CIGS_PIC\cigs\domain\mmj_cigs_iv.c" Line 238(14,15): Illegal C character in input file  0x00
*** Error 1 "C:\Users\shoin\source\repos\MMJ_SW_053_CIGS_PIC\cigs\domain\mmj_cigs_iv.c" Line 238(22,23): Illegal C character in input file  0xA8
*** Error 1 "C:\Users\shoin\source\repos\MMJ_SW_053_CIGS_PIC\cigs\domain\mmj_cigs_iv.c" Line 238(22,23): Illegal C character in input file  0x04
*** Error 1 "C:\Users\shoin\source\repos\MMJ_SW_053_CIGS_PIC\cigs\domain\mmj_cigs_iv.c" Line 238(22,23): Illegal C character in input file  0x40
*** Error 1 "C:\Users\shoin\source\repos\MMJ_SW_053_CIGS_PIC\cigs\domain\mmj_cigs_iv.c" Line 238(25,26): Illegal C character in input file  0x04
*** Error 1 "C:\Users\shoin\source\repos\MMJ_SW_053_CIGS_PIC\cigs\domain\mmj_cigs_iv.c" Line 238(25,26): Illegal C character in input file  0xD0
*** Error 1 "C:\Users\shoin\source\repos\MMJ_SW_053_CIGS_PIC\cigs\domain\mmj_cigs_iv.c" Line 238(28,29): Illegal C character in input file  0x04
*** Error 1 "C:\Users\shoin\source\repos\MMJ_SW_053_CIGS_PIC\cigs\domain\mmj_cigs_iv.c" Line 238(28,29): Illegal C character in input file  0x00
*** Error 1 "C:\Users\shoin\source\repos\MMJ_SW_053_CIGS_PIC\cigs\domain\mmj_cigs_iv.c" Line 238(28,29): Illegal C character in input file  0x00
*** Error 1 "C:\Users\shoin\source\repos\MMJ_SW_053_CIGS_PIC\cigs\domain\mmj_cigs_iv.c" Line 238(28,29): Illegal C character in input file  0x00
*** Error 1 "C:\Users\shoin\source\repos\MMJ_SW_053_CIGS_PIC\cigs\domain\mmj_cigs_iv.c" Line 238(28,29): Illegal C character in input file  0x00
*** Error 1 "C:\Users\shoin\source\repos\MMJ_SW_053_CIGS_PIC\cigs\domain\mmj_cigs_iv.c" Line 238(28,29): Illegal C character in input file  0x90
*** Error 1 "C:\Users\shoin\source\repos\MMJ_SW_053_CIGS_PIC\cigs\domain\mmj_cigs_iv.c" Line 238(31,32): Illegal C character in input file  0x04
*** Error 1 "C:\Users\shoin\source\repos\MMJ_SW_053_CIGS_PIC\cigs\domain\mmj_cigs_iv.c" Line 238(31,32): Illegal C character in input file  0x00
*** Error 1 "C:\Users\shoin\source\repos\MMJ_SW_053_CIGS_PIC\cigs\domain\mmj_cigs_iv.c" Line 238(31,32): Illegal C character in input file  0x00
*** Error 1 "C:\Users\shoin\source\repos\MMJ_SW_053_CIGS_PIC\cigs\domain\mmj_cigs_iv.c" Line 238(31,32): Illegal C character in input file  0x00
*** Error 1 "C:\Users\shoin\source\repos\MMJ_SW_053_CIGS_PIC\cigs\domain\mmj_cigs_iv.c" Line 238(31,32): Illegal C character in input file  0x00
*** Error 1 "C:\Users\shoin\source\repos\MMJ_SW_053_CIGS_PIC\cigs\domain\mmj_cigs_iv.c" Line 238(31,32): Illegal C character in input file  0x00
*** Error 1 "C:\Users\shoin\source\repos\MMJ_SW_053_CIGS_PIC\cigs\domain\mmj_cigs_iv.c" Line 238(31,32): Illegal C character in input file  0x00
*** Error 1 "C:\Users\shoin\source\repos\MMJ_SW_053_CIGS_PIC\cigs\domain\mmj_cigs_iv.c" Line 238(31,32): Illegal C character in input file  0x00
*** Error 1 "C:\Users\shoin\source\repos\MMJ_SW_053_CIGS_PIC\cigs\domain\mmj_cigs_iv.c" Line 238(31,32): Illegal C character in input file  0x00
*** Error 1 "C:\Users\shoin\source\repos\MMJ_SW_053_CIGS_PIC\cigs\domain\mmj_cigs_iv.c" Line 238(31,32): Illegal C character in input file  0x00
*** Error 1 "C:\Users\shoin\source\repos\MMJ_SW_053_CIGS_PIC\cigs\domain\mmj_cigs_iv.c" Line 238(31,32): Illegal C character in input file  0x00
*** Error 1 "C:\Users\shoin\source\repos\MMJ_SW_053_CIGS_PIC\cigs\domain\mmj_cigs_iv.c" Line 238(31,32): Illegal C character in input file  0x00
*** Error 1 "C:\Users\shoin\source\repos\MMJ_SW_053_CIGS_PIC\cigs\domain\mmj_cigs_iv.c" Line 238(31,32): Illegal C character in input file  0x00
*** Error 1 "C:\Users\shoin\source\repos\MMJ_SW_053_CIGS_PIC\cigs\domain\mmj_cigs_iv.c" Line 238(31,32): Illegal C character in input file  0x00
*** Error 1 "C:\Users\shoin\source\repos\MMJ_SW_053_CIGS_PIC\cigs\domain\mmj_cigs_iv.c" Line 238(31,32): Illegal C character in input file  0x00
*** Error 1 "C:\Users\shoin\source\repos\MMJ_SW_053_CIGS_PIC\cigs\domain\mmj_cigs_iv.c" Line 238(31,32): Illegal C character in input file  0x00
*** Error 1 "C:\Users\shoin\source\repos\MMJ_SW_053_CIGS_PIC\cigs\domain\mmj_cigs_iv.c" Line 238(31,32): Illegal C character in input file  0x00
*** Error 1 "C:\Users\shoin\source\repos\MMJ_SW_053_CIGS_PIC\cigs\domain\mmj_cigs_iv.c" Line 238(31,32): Illegal C character in input file  0x00
*** Error 1 "C:\Users\shoin\source\repos\MMJ_SW_053_CIGS_PIC\cigs\domain\mmj_cigs_iv.c" Line 238(31,32): Illegal C character in input file  0x00
*** Error 1 "C:\Users\shoin\source\repos\MMJ_SW_053_CIGS_PIC\cigs\domain\mmj_cigs_iv.c" Line 238(31,32): Illegal C character in input file  0x00
*** Error 1 "C:\Users\shoin\source\repos\MMJ_SW_053_CIGS_PIC\cigs\domain\mmj_cigs_iv.c" Line 238(31,32): Illegal C character in input file  0x00
*** Error 1 "C:\Users\shoin\source\repos\MMJ_SW_053_CIGS_PIC\cigs\domain\mmj_cigs_iv.c" Line 238(31,32): Illegal C character in input file  0x00
*** Error 1 "C:\Users\shoin\source\repos\MMJ_SW_053_CIGS_PIC\cigs\domain\mmj_cigs_iv.c" Line 238(31,32): Illegal C character in input file  0x00
*** Error 1 "C:\Users\shoin\source\repos\MMJ_SW_053_CIGS_PIC\cigs\domain\mmj_cigs_iv.c" Line 238(31,32): Illegal C character in input file  0x00
*** Error 1 "C:\Users\shoin\source\repos\MMJ_SW_053_CIGS_PIC\cigs\domain\mmj_cigs_iv.c" Line 238(31,32): Illegal C character in input file  0x00
*** Error 1 "C:\Users\shoin\source\repos\MMJ_SW_053_CIGS_PIC\cigs\domain\mmj_cigs_iv.c" Line 238(31,32): Illegal C character in input file  0x00
*** Error 1 "C:\Users\shoin\source\repos\MMJ_SW_053_CIGS_PIC\cigs\domain\mmj_cigs_iv.c" Line 238(31,32): Illegal C character in input file  0x00
*** Error 1 "C:\Users\shoin\source\repos\MMJ_SW_053_CIGS_PIC\cigs\domain\mmj_cigs_iv.c" Line 238(31,32): Illegal C character in input file  0x00
*** Error 1 "C:\Users\shoin\source\repos\MMJ_SW_053_CIGS_PIC\cigs\domain\mmj_cigs_iv.c" Line 238(31,32): Illegal C character in input file  0x00
*** Error 1 "C:\Users\shoin\source\repos\MMJ_SW_053_CIGS_PIC\cigs\domain\mmj_cigs_iv.c" Line 238(31,32): Illegal C character in input file  0x00
*** Error 1 "C:\Users\shoin\source\repos\MMJ_SW_053_CIGS_PIC\cigs\domain\mmj_cigs_iv.c" Line 238(31,32): Illegal C character in input file  0x00
*** Error 1 "C:\Users\shoin\source\repos\MMJ_SW_053_CIGS_PIC\cigs\domain\mmj_cigs_iv.c" Line 238(31,32): Illegal C character in input file  0x00
*** Error 1 "C:\Users\shoin\source\repos\MMJ_SW_053_CIGS_PIC\cigs\domain\mmj_cigs_iv.c" Line 238(31,32): Illegal C character in input file  0x00
*** Error 1 "C:\Users\shoin\source\repos\MMJ_SW_053_CIGS_PIC\cigs\domain\mmj_cigs_iv.c" Line 238(34,35): Illegal C character in input file  0x55 after \
*** Error 1 "C:\Users\shoin\source\repos\MMJ_SW_053_CIGS_PIC\cigs\domain\mmj_cigs_iv.c" Line 238(40,41): Illegal C character in input file  0x73 after \
*** Error 1 "C:\Users\shoin\source\repos\MMJ_SW_053_CIGS_PIC\cigs\domain\mmj_cigs_iv.c" Line 238(46,47): Illegal C character in input file  0x73 after \
*** Error 1 "C:\Users\shoin\source\repos\MMJ_SW_053_CIGS_PIC\cigs\domain\mmj_cigs_iv.c" Line 238(1,2): Illegal C character in input file  0x80
*** Error 1 "C:\Users\shoin\source\repos\MMJ_SW_053_CIGS_PIC\cigs\domain\mmj_cigs_iv.c" Line 238(1,2): Illegal C character in input file  0x00
