CCS PCM C Compiler, Version 5.104, 57077               25-3-25 18:55

               Filename:   C:\Users\shoin\Chiba Institute of Technology\3号機 - ドキュメント\井上\CIGS\02_Software\MMJ_SW_053_CIGS_PIC_BBM\MMJ_SW_053_CIGS_PIC_BBM.lst

               ROM used:   32 words (0%)
                           Largest free fragment is 2048
               RAM used:   5 (0%) at main() level
                           17 (1%) worst case
               Stack used: 0 locations
               Stack size: 16

*
0000:  MOVLP  00
0001:  GOTO   003
0002:  NOP
.................... #include <MMJ_SW_053_CIGS_PIC_BBM.h>
.................... #include <16LF1789.h>
.................... //////////// Standard Header file for the PIC16LF1789 device ////////////////
.................... ///////////////////////////////////////////////////////////////////////////
.................... ////        (C) Copyright 1996, 2020 Custom Computer Services          ////
.................... //// This source code may only be used by licensed users of the CCS C  ////
.................... //// compiler.  This source code may only be distributed to other      ////
.................... //// licensed users of the CCS C compiler.  No other use, reproduction ////
.................... //// or distribution is permitted without written permission.          ////
.................... //// Derivative programs created using this software in object code    ////
.................... //// form are not restricted in any way.                               ////
.................... ///////////////////////////////////////////////////////////////////////////
.................... #device PIC16LF1789
.................... 
.................... #list
.................... 
.................... #device ADC=12
.................... #use delay(crystal=16MHz)
.................... #use rs232(baud=9600,parity=N,xmit=PIN_C6,rcv=PIN_C7,bits=8,stream=BOSS,FORCE_SW)
.................... // #use rs232(baud=9600,parity=N,xmit=PIN_A3,rcv=None,bits=8,stream=PC,FORCE_SW)
.................... 
.................... 
.................... #use spi (MASTER, SPI1, MODE=0, BITS=8, STREAM=SMF)
.................... 
.................... void main()
0003:  MOVLB  01
0004:  BCF    0E.6
0005:  MOVLB  02
0006:  BSF    0E.6
0007:  MOVLB  04
0008:  BCF    15.5
0009:  MOVLW  40
000A:  MOVWF  14
000B:  MOVLW  20
000C:  MOVWF  15
000D:  MOVLB  02
000E:  BCF    1D.5
000F:  BCF    1D.3
0010:  BCF    1D.4
0011:  MOVLB  01
0012:  BCF    0E.5
0013:  BSF    0E.4
0014:  BCF    0E.3
0015:  MOVLB  03
0016:  CLRF   0C
0017:  CLRF   0D
0018:  CLRF   0E
0019:  CLRF   0F
001A:  CLRF   10
001B:  MOVLB  02
001C:  CLRF   12
001D:  CLRF   11
.................... {
....................    while(TRUE)
....................    {
001E:  GOTO   01E
....................    
....................       //
....................       //TODO: User Code
....................    }
.................... 
.................... }
001F:  SLEEP

Configuration Fuses:
   Word  1: 3FC2   HS NOWDT PUT MCLR NOPROTECT NOCPD BROWNOUT NOCLKOUT IESO FCMEN
   Word  2: 1EFF   NOWRT NOVCAP PLL_SW STVREN BORV19 NOLPBOR NODEBUG NOLVP
