
ROM used:   9454/16384 (58%)
            10025/16384 (61%) including unused fragments

            2.5 Average locations per line
            12.6 Average locations per statement

RAM used:   1269/2048 (62%) at main() level
            1696/2048 (83%) worst case

Stack used: 5 worst case (4 in main + 1 for interrupts)
Stack size: 16

Lines Stmts  %   Files
----- ----- ---  -----
   63    32   4  mmj_cigs_main.c
   37     0   0  cigs\mmj_cigs_main.h
   50     0   0  cigs\mmj_cigs_config.h
 1194     0   0  ..\..\..\..\..\..\..\..\Program Files (x86)\PICC\Devices\16F1789.h
   23     0   0  lib\typedef_content.h
   12     0   0  lib\value_status.h
   25     0   0  lib\timer.h
   26    11   1  lib\src\timer.c
   29     0   0  lib\uart.h
   23     9   1  lib\src\uart.c
   80     0   0  cigs\mmj_cigs_mode.h
  135    45   6  cigs\src\mmj_cigs_mode.c
   49     0   0  cigs\mmj_cigs_func.h
  150    67   9  cigs\src\mmj_cigs_func.c
   29     0   0  cigs\mmj_cigs_piclog.h
   34     0   0  cigs\src\mmj_cigs_piclog.c
   52     0   0  lib\smf_queue.h
   80    40   5  lib\src\smf_queue.c
  100     0   0  lib\flash.h
  621   328  44  lib\src\flash.c
   24     0   0  lib\mission_tools.h
   22     0   0  lib\communication_driver.h
   72     0   0  lib\communication.h
   31     0   0  lib\frame.h
  131    66   9  lib\src\communication.c
   17     3   0  lib\src\communication_driver.c
   81    47   6  lib\src\mission_tools.c
   15     0   0  lib\data_copy.h
  122    56   7  lib\src\data_copy.c
  195     0   0  ..\..\..\..\..\..\..\..\Program Files (x86)\PICC\Drivers\stdint.h
   26     0   0  cigs\mmj_cigs_excute_mission.h
  110    48   6  cigs\src\mmj_cigs_excute_mission.c
   51     0   0  cigs\mmj_cigs_flash.h
----- -----
 3709   752 Total

Page ROM  %  RAM    Vol Diff  Functions:
---- --- --- ---    --- ----  ----------
2     22   0    1             @delay_ms1
 Inline         0             @PUTCHARI_BIU_1
0     37   0    1             @PUTCHAR_2_
1     13   0    3             @SPI_XFER_1_8
1     13   0    3             @SPI_XFER_2_8
0     70   1    0    154  3.5  TIMER0_isr
0      9   0    0     53  1.2  setup_timer
0     25   0    2    152  5.2  RDA_isr
0     20   0    0     90  1.5  setup_uart_to_boss
0      9   0    0    104  3.0  @const874
0     78   1    4     90  1.5  @PSTRINGC7_839
0      6   0    0    104  3.0  @const879
0     31   0    7    104  3.0  clear_receive_signal
 Inline         0     90  1.5  @MEMSET
0     24   0    0     90  1.5  io_init
0      8   0    0    245  2.7  @const938
0      6   0    0    245  2.7  @const939
0     40   0    0    245  2.7  adc_init
0      9   0    0   1278  6.1  @const941
0      6   0    0   1278  6.1  @const942
1    691   7    8   1278  6.1  sweep
0      7   0    0             @const945
0     10   0    0             @const947
0     88   1    5             @PSTRINGCN7_839
0     23   0    3             @DIV88
0     68   1    2             @PRINTF_U_839
1     79   1   17    889  7.4  @DIV3232
0      6   0    0    889  7.4  @const961
 Inline         8    889  7.4  convert_cigs_data
0     10   0    0             @const962
1     39   0    2             @MUL88
0     37   0    2             @PRINTF_X_839
0     14   0    0    268  6.1  @const1003
1     46   0    2    268  6.1  dequeue_smf_data
0     13   0    0     43  2.5  @const1004
0     11   0    0     43  2.5  is_empty_smf_data
2    111   1   10    830  3.8  getMissionTypeStruct
2    188   2   17    804  9.5  spi_xfer_select_stream
2    424   4   41   1537 10.0  spi_xfer_and_read_select_stream
3    313   3   24   1534 10.1  spi_xfer_two_datas_select_stream
1     21   0    4     33  1.7  flash_setting
1     34   0    6    291  4.5  @WRITEBITA
2     93   1    7    291  4.5  status_register
0      7   0    0    619  6.9  @const1094
0      5   0    0             @const1097
0     10   0    0   2200  9.5  @const1101
0     10   0    0   2200  9.5  @const1102
0     16   0    0             @const1107
0      8   0    0   2200  9.5  @const1109
0     15   0    0   2200  9.5  @const1110
0     16   0    0             @const1115
0      8   0    0   2200  9.5  @const1117
0     21   0    0   2200  9.5  @const1118
2    434   5   29   2200  9.5  subsector_4kByte_erase
0     16   0    0             @const1123
0      8   0    0   1422  7.7  @const1125
0     20   0    0   1422  7.7  @const1126
2    212   2   25   1422  7.7  read_data_byte
2    241   3   29   1438  8.4  read_data_bytes
3    395   4   30   2330  9.6  write_data_byte
0      8   0    0   2391  9.0  @const1137
0     12   0    0   2391  9.0  @const1138
3    459   5   29   2391  9.0  write_data_bytes
0      8   0    0   1252  9.5  @const1144
0     12   0    0   1252  9.5  @const1145
 Inline        48   1252  9.5  make_receive_command
0     17   0    0             @const1191
0     14   0    0    387  7.3  @const1200
 Inline         5    387  7.3  trim_receive_signal_header
0     11   0    0    295  7.4  @const1202
0      9   0    0    295  7.4  @const1203
 Inline         3    295  7.4  get_content_size
0     18   0    0    356  5.9  @const1205
 Inline         6    356  5.9  check_crc
0      9   0    0             @const1208
0     12   0    0    194  3.4  @const1209
0     12   0    0    194  3.4  @const1210
 Inline         1    194  3.4  check_device_id
0     17   0    0             @const1211
0     12   0    0    457  5.9  @const1212
0     12   0    0    457  5.9  @const1213
1    143   2   27    457  5.9  transmit_command
 Inline         6    348  4.5  transmit
0     11   0    0             @const1218
0     27   0    6    175  5.5  calc_crc8
1    612   6   38     88  3.5  make_command
0     11   0    0     33  1.3  transmit_ack
1     13   0    0     38  1.7  transmit_status
0     18   0    0             @const1234
0     28   0    0             @const1237
0     13   0    0             @const1240
0     13   0    0             @const1242
0     14   0    0             @const1243
0     28   0    0     27  1.5  @const1244
0     17   0    0     27  1.5  @const1245
1     22   0    3    104  2.8  mode_measure
0     11   0    0    136  2.5  @const1246
0     15   0    0      3  0.0  @const1249
0      8   0    0    147  2.5  @const1255
0      8   0    0    147  2.5  @const1256
0      8   0    0    114  2.0  @const1259
0      9   0    0    114  2.0  @const1262
0     10   0    0    114  2.0  @const1265
0     10   0    0    100  1.6  @const1268
0     12   0    0    100  1.6  @const1269
0     11   0    0    100  1.6  @const1270
0     15   0    0    107  1.2  @const1271
0     14   0    0    107  1.2  @const1272
0     14   0    0   4170 14.0  @const1273
0     13   0    0   4170 14.0  @const1274
4   1834  19  337   4170 14.0  smf_write
0     13   0    0             @const1298
0     12   0    0             @const1299
0     14   0    0             @const1302
1    111   1    8             @PRINTF_D_839
0     22   0    0             @const1312
0     22   0    0             @const1313
0     22   0    0             @const1314
0     27   0    0             @const1315
2    114   1   12             @PRINTF_L32U_839
0      9   0    0             @const1323
0     16   0    0             @const1324
0     17   0    0             @const1325
0     27   0    0             @const1330
0     10   0    0             @const1338
0      9   0    0             @const1339
 Inline        12             @PRINTF_L32D_839
0     10   0    0             @const1342
0     13   0    0    409  6.7  @const1343
0     13   0    0    409  6.7  @const1344
1    105   1    5    409  6.7  execute_mission
0     35   0    0             @const1358
0     10   0    0             @const1359
0     12   0    0    262  5.1  @const1360
0     35   0    0    262  5.1  @const1361
2     64   1    2    262  5.1  execute_command
0     12   0    0    251  4.4  @const1362
1     48   1    5    251  4.4  handle_uplink_command
0     11   0    0    206  4.3  @const1363
0     13   0    0    206  4.3  @const1364
1     40   0    2    206  4.3  handle_status_check
0     10   0    0             @const1365
0     15   0    0    316  4.8  @const1366
0     14   0    0    316  4.8  @const1367
2     59   1    3    316  4.8  handle_smf_available
0     13   0    0             @const1368
0     13   0    0             @const1369
0      7   0    0   1198  8.2  @const1370
0      7   0    0   1198  8.2  @const1371
3    416   4   38   1198  8.2  MAIN
0     34   0    0             @const1383
0     23   0    0             @const1384
0     21   0    0             @const1385
0     19   0    0             @const1387
0     15   0    0             @const1388
0      8   0    0             @const1390
0      5   0    0             @const1391
0      3   0    0             @const1394
0     32   0    0             @const1396
0      6   0    0             @const1398
 Inline         0             @cinit1

Program metrics:
    Functions               102
    Statements              752
    Comments                867
    Volume (V)              144871
    Difficulty (D)          583.4
    Effort to implement (E) 84518910
    Time to implement (T)   1304 hours, 18 minutes
    Est Delivered Bugs (B)  64
    Cyclomatic Complexity   197
    Maintainability (MI)    51

 Segment     Used  Free
-----------  ----  ----
00000-00002     3  0  
00003-00003     0  1  
00004-00046    67  0  
00047-007FF  1975  2  
00800-00FFF  2030  18  
01000-017FF  1962  86  
01800-01FFF  1583  465  
02000-027FF  1834  214  
02800-02FFF     0  2048  
03000-037FF     0  2048  
03800-03FFF     0  2048  



