
ROM used:   4870/16384 (30%)
            5014/16384 (31%) including unused fragments

            1.4 Average locations per line
            6.9 Average locations per statement

RAM used:   1305/2048 (64%) at main() level
            1381/2048 (67%) worst case

Stack used: 5 worst case (4 in main + 1 for interrupts)
Stack size: 16

Lines Stmts  %   Files
----- ----- ---  -----
   69    36   5  mmj_cigs_pic_main.c
   31     0   0  src\include\mmj_cigs_pic_main.h
   47     0   0  src\include\mmj_cigs_pic_config.h
 1194     0   0  lib\16F1789.h
   24     0   0  lib\typedef_content.h
   14     0   0  lib\value_status.h
   25     0   0  lib\timer.h
   30    15   2  lib\src\timer.c
   30     0   0  lib\uart.h
   23     8   1  lib\src\uart.c
   80     0   0  src\include\mmj_cigs_pic_mode.h
  135    46   7  src\mmj_cigs_pic_mode.c
   46     0   0  src\include\mmj_cigs_pic_func.h
  126    58   8  src\mmj_cigs_pic_func.c
   38     0   0  lib\smf_queue.h
   37    15   2  lib\src\smf_queue.c
  106     0   0  lib\flash.h
  596   328  47  lib\src\flash.c
   54     0   0  lib\mission_tools.h
   22     0   0  lib\communication_driver.h
   72     0   0  lib\communication.h
   30     0   0  lib\frame.h
  132    66   9  lib\src\communication.c
   26     4   1  lib\src\communication_driver.c
  119    57   8  lib\src\mission_tools.c
   14     0   0  lib\data_copy.h
   26    16   2  lib\src\data_copy.c
   38     0   0  lib\smf_queue.h
  106     0   0  lib\flash.h
   18     0   0  src\include\mmj_cigs_pic_excute_mission.h
  116    53   8  src\mmj_cigs_pic_excute_mission.c
   80     0   0  src\include\mmj_cigs_pic_mode.h
----- -----
 3504   702 Total

Page ROM  %  RAM    Vol Diff  Functions:
---- --- --- ---    --- ----  ----------
0     22   0    1             @delay_ms1
 Inline         0             @PUTCHARI_BIU_1
0     37   1    1             @PUTCHAR_2_
0     70   1    0    154  3.5  TIMER0_isr
0     22   0    0    138  1.8  initialize_timer
0     15   0    0             @const867
0     80   2    4             @PSTRINGC7_839
0     32   1    3    152  5.2  RDA_isr
0     13   0    0     61  1.4  initialize_uart
0     14   0    0             @const880
0     31   1    7    104  3.0  clear_receive_signal
 Inline         0             @MEMSET
0     11   0    0     32  1.0  initialize_pic
 Inline         0    209  2.6  initialize_sweep
0     14   0    0    951  5.5  @const921
1    693  14    6   1013  5.5  sweep
0      7   0    0             @const924
0     10   0    0    889  7.4  @const926
0     90   2    4    889  7.4  @PSTRINGCN7_839
0     23   0    3    889  7.4  @DIV88
 Inline         2             @PRINTF_U_839
0      6   0    0             @const936
 Inline        12    889  7.4  convert_cigs_data
0     10   0    0             @const937
0     39   1    2             @MUL88
0     39   1    2    770  4.3  @PRINTF_X_839
0     14   0    0     52  1.1  @const965
 Inline         2    268  6.1  dequeue_smf_data
0     13   0    0   1537 10.0  @const966
0     11   0    0     52  1.1  is_empty_smf_data
0      7   0    0             @const1055
0      5   0    0             @const1058
0     10   0    0   2200  9.5  @const1062
0     10   0    0             @const1063
0     16   0    0   2200  9.5  @const1068
0      8   0    0   2200  9.5  @const1070
0     15   0    0             @const1071
0     16   0    0   2200  9.5  @const1076
0      8   0    0   1422  7.7  @const1078
0     21   0    0   1438  8.4  @const1079
0     16   0    0   1422  7.7  @const1084
0      8   0    0   1438  8.4  @const1086
0     20   0    0   2330  9.6  @const1087
0      8   0    0             @const1098
0     12   0    0   1252  9.5  @const1099
0      8   0    0             @const1105
0     12   0    0    387  7.3  @const1106
1    563  12   49   1252  9.5  make_receive_command
0     17   0    0    387  7.3  @const1152
0     14   0    0    295  7.4  @const1161
 Inline         5    387  7.3  trim_receive_signal_header
0     11   0    0             @const1163
0      9   0    0    356  5.9  @const1164
 Inline         3    295  7.4  get_content_size
0     18   0    0    194  3.4  @const1166
 Inline         6    356  5.9  check_crc
0      9   0    0    194  3.4  @const1169
0     12   0    0    194  3.4  @const1170
0     12   0    0    457  5.9  @const1171
 Inline         1    194  3.4  check_device_id
0     17   0    0    457  5.9  @const1172
0     12   0    0    457  5.9  @const1173
0     12   0    0    348  4.5  @const1174
1    138   3   26    457  5.9  transmit_command
 Inline         6    348  4.5  transmit
0     11   0    0    175  5.5  @const1179
0     32   1    6    175  5.5  calc_crc8
0     11   0    0     33  1.3  transmit_ack
 Inline         0     39  1.4  transmit_status
0      5   0    0     43  1.8  get_executed_mission
 Inline        11    205  5.7  is_executed_mission
 Inline        13    178  4.7  add_executed_mission
0     18   0    0             @const1212
0     18   0    0             @const1213
0     28   1    0             @const1216
0     13   0    0     17  1.3  @const1219
0     13   0    0     83  2.9  @const1221
0     14   0    0     17  1.3  @const1222
0     28   1    0     17  1.3  @const1223
0     17   0    0     83  2.9  @const1224
1     56   1    3    119  2.8  mode_measure
0     11   0    0             @const1226
0     15   0    0    295  2.8  @const1229
0      8   0    0    147  2.5  @const1235
0      8   0    0    136  2.5  @const1236
0      8   0    0      3  0.0  @const1239
0      9   0    0    114  2.0  @const1242
0     10   0    0    114  2.0  @const1245
0     10   0    0    121  1.6  @const1248
0     12   0    0    100  1.6  @const1249
0     11   0    0    114  2.0  @const1250
0     15   0    0    107  1.2  @const1251
0     14   0    0    597  4.1  @const1252
0     14   0    0    599  4.1  @const1253
0     13   0    0    597  4.1  @const1254
 Inline         9    599  4.1  copy_data
0     16   0    0             @const1257
0     14   0    0    216  4.3  @const1258
0     12   0    0             @const1259
0      5   0    0    304  4.9  @const1260
0     34   1    0    304  4.9  @const1265
2    919  19    2    216  4.3  execute_command
0     12   0    0    304  4.9  @const1276
 Inline         5    304  4.9  handle_uplink_command
0     11   0    0    228  3.5  @const1277
0     14   0    0    228  3.5  @const1278
 Inline         2    228  3.5  handle_status_check
0     10   0    0    309  5.4  @const1279
0     12   0    0    309  5.4  @const1280
0    103   2    9    485  7.7  @PRINTF_D_839
0     15   0    0    309  5.4  @const1284
0     14   0    0    309  5.4  @const1285
 Inline         3    309  5.4  handle_smf_available
0     12   0    0   1394  9.7  @const1286
0     14   0    0             @const1287
0      8   0    0   1384  9.7  @const1288
0      7   0    0    476  7.5  @const1289
 Inline         5    516  7.7  execute_mission
0     20   0    0             @const1292
0     41   1    0             @const1293
0     10   0    0   1384  9.7  @const1294
0     12   0    0   1384  9.7  @const1295
0     40   1    0             @const1296
1    472  10   38   1384  9.7  MAIN
0     33   1    0             @const1300
0     42   1    0             @const1301
0     26   1    0             @const1302
0     15   0    0             @const1304
0      8   0    0             @const1306
0     10   0    0             @const1307
0      5   0    0             @const1308
0      3   0    0             @const1311
0     11   0    0             @const1312
0     32   1    0             @const1313
0      6   0    0             @const1315
 Inline         0             @cinit1

Program metrics:
    Functions               95
    Statements              702
    Comments                792
    Volume (V)              101685
    Difficulty (D)          501.5
    Effort to implement (E) 50998364
    Time to implement (T)   787 hours, 1 minutes
    Est Delivered Bugs (B)  46
    Cyclomatic Complexity   151
    Maintainability (MI)    53

 Segment     Used  Free
-----------  ----  ----
00000-00002     3  0  
00003-00003     0  1  
00004-00046    67  0  
00047-007FF  1959  18  
00800-00FFF  1922  126  
01000-017FF   919  1129  
01800-01FFF     0  2048  
02000-027FF     0  2048  
02800-02FFF     0  2048  
03000-037FF     0  2048  
03800-03FFF     0  2048  



