Compiling C:\Users\harut\Desktop\MMJ_SW_053_CIGS_PIC\cigs\mmj_cigs_main on 21-10-25 at 20:59
>>> Warning 225 "C:\Users\harut\Desktop\MMJ_SW_053_CIGS_PIC\cigs\domain\cigs_flash.h" Line 21(34,40): Duplicate #define
>>> Warning 204 "C:\Users\harut\Desktop\MMJ_SW_053_CIGS_PIC\lib\device\mt25q.c" Line 329(1,1): Condition always FALSE
>>> Warning 204 "C:\Users\harut\Desktop\MMJ_SW_053_CIGS_PIC\lib\device\mt25q.c" Line 469(1,1): Condition always FALSE
>>> Warning 204 "C:\Users\harut\Desktop\MMJ_SW_053_CIGS_PIC\lib\device\mt25q.c" Line 535(1,1): Condition always FALSE
>>> Warning 225 "C:\Users\harut\Desktop\MMJ_SW_053_CIGS_PIC\cigs\domain\cigs_smf.c" Line 11(24,120): Duplicate #define
>>> Warning 202 "C:\Users\harut\Desktop\MMJ_SW_053_CIGS_PIC\cigs\hal\timer.h" Line 11(7,16): Variable never used:   tick_10ms
>>> Warning 202 "C:\Users\harut\Desktop\MMJ_SW_053_CIGS_PIC\cigs\hal\timer.h" Line 13(16,20): Variable never used:   dsec
>>> Warning 202 "C:\Users\harut\Desktop\MMJ_SW_053_CIGS_PIC\cigs\hal\timer.h" Line 13(26,29): Variable never used:   sec
>>> Warning 202 "C:\Users\harut\Desktop\MMJ_SW_053_CIGS_PIC\cigs\hal\timer.h" Line 14(25,28): Variable never used:   day
>>> Warning 202 "C:\Users\harut\Desktop\MMJ_SW_053_CIGS_PIC\cigs\domain\cigs_piclog.h" Line 23(15,32): Variable never used:   PICLOG_BLANK_DATA
>>> Warning 202 "C:\Users\harut\Desktop\MMJ_SW_053_CIGS_PIC\cigs\domain\cigs_smf.h" Line 11(23,40): Variable never used:   smf_counter_table
>>> Warning 202 "C:\Users\harut\Desktop\MMJ_SW_053_CIGS_PIC\cigs\application\cigs_excute_mission.h" Line 23(6,18): Variable never used:   duration_sec
>>> Warning 202 "C:\Users\harut\Desktop\MMJ_SW_053_CIGS_PIC\cigs\hal\timer.c" Line 3(6,12): Variable never used:   subsec
>>> Warning 202 "C:\Users\harut\Desktop\MMJ_SW_053_CIGS_PIC\cigs\domain\cigs_iv.c" Line 12(20,34): Variable never used:   curr_threshold
>>> Warning 202 "C:\Users\harut\Desktop\MMJ_SW_053_CIGS_PIC\cigs\domain\cigs_iv.c" Line 127(14,27): Variable never used:   measured_data
>>> Warning 202 "C:\Users\harut\Desktop\MMJ_SW_053_CIGS_PIC\cigs\domain\cigs_iv.c" Line 247(20,35): Variable never used:   elapsed_time_ms
>>> Warning 202 "C:\Users\harut\Desktop\MMJ_SW_053_CIGS_PIC\cigs\domain\cigs_iv.c" Line 295(23,32): Variable never used:   read_back
>>> Warning 202 "C:\Users\harut\Desktop\MMJ_SW_053_CIGS_PIC\cigs\domain\cigs_smf.c" Line 14(22,39): Variable never used:   SMF_ADDRESS_TABLE
>>> Warning 202 "C:\Users\harut\Desktop\MMJ_SW_053_CIGS_PIC\cigs\application\cigs_mode_mission.c" Line 18(19,30): Variable never used:   current_sec
>>> Warning 202 "C:\Users\harut\Desktop\MMJ_SW_053_CIGS_PIC\cigs\application\cigs_mode_mission.c" Line 19(19,26): Variable never used:   time_ms
>>> Warning 202 "C:\Users\harut\Desktop\MMJ_SW_053_CIGS_PIC\cigs\application\cigs_mode_mission.c" Line 20(18,25): Variable never used:   counter
>>> Warning 202 "C:\Users\harut\Desktop\MMJ_SW_053_CIGS_PIC\cigs\application\cigs_mode_mission.c" Line 95(19,29): Variable never used:   start_time
>>> Warning 202 "C:\Users\harut\Desktop\MMJ_SW_053_CIGS_PIC\cigs\application\cigs_mode_mission.c" Line 96(19,31): Variable never used:   current_time
>>> Warning 202 "C:\Users\harut\Desktop\MMJ_SW_053_CIGS_PIC\cigs\application\cigs_mode_mission.c" Line 109(19,27): Variable never used:   end_time
>>> Warning 202 "C:\Users\harut\Desktop\MMJ_SW_053_CIGS_PIC\cigs\application\cigs_mode_mission.c" Line 115(18,25): Variable never used:   logdata
>>> Warning 202 "C:\Users\harut\Desktop\MMJ_SW_053_CIGS_PIC\cigs\application\cigs_mode_mission.c" Line 116(19,27): Variable never used:   temp_top
>>> Warning 202 "C:\Users\harut\Desktop\MMJ_SW_053_CIGS_PIC\cigs\application\cigs_mode_mission.c" Line 117(19,27): Variable never used:   temp_bot
>>> Warning 202 "C:\Users\harut\Desktop\MMJ_SW_053_CIGS_PIC\cigs\application\cigs_mode_mission.c" Line 118(19,28): Variable never used:   temp_mis7
>>> Warning 202 "C:\Users\harut\Desktop\MMJ_SW_053_CIGS_PIC\cigs\application\cigs_mode_mission.c" Line 119(19,21): Variable never used:   pd
>>> Warning 202 "C:\Users\harut\Desktop\MMJ_SW_053_CIGS_PIC\cigs\application\cigs_mode_mission.c" Line 122(19,32): Variable never used:   write_address
>>> Warning 202 "C:\Users\harut\Desktop\MMJ_SW_053_CIGS_PIC\cigs\application\cigs_mode_mission.c" Line 222(25,27): Variable never used:   pd
>>> Warning 202 "C:\Users\harut\Desktop\MMJ_SW_053_CIGS_PIC\cigs\application\cigs_mode_flash.c" Line 140(19,32): Variable never used:   write_address
>>> Warning 202 "C:\Users\harut\Desktop\MMJ_SW_053_CIGS_PIC\cigs\application\cigs_mode_flash.c" Line 239(9,19): Variable never used:   mission_id
>>> Warning 202 "C:\Users\harut\Desktop\MMJ_SW_053_CIGS_PIC\cigs\application\cigs_mode_flash.c" Line 391(9,18): Variable never used:   writedata
      Memory usage:   ROM=55%      RAM=11% - 80%
      0 Errors,  34 Warnings.
Build Successful.
