
ROM used:   73260/131056 (56%)
            73638/131056 (56%) including unused fragments

            11.1 Average locations per line
            44.6 Average locations per statement

RAM used:   472/3578 (13%) at main() level
            2924/3578 (82%) worst case

Stack used: 8 worst case (7 in main + 1 for interrupts)
Stack size: 31

Lines Stmts  %   Files
----- ----- ---  -----
   59    34   2  mmj_sato_main.c
   87     0   0  mmj_sato_main.h
  153     0   0  hal\sato_config.h
 1487     0   0  ..\..\..\..\..\..\Program Files (x86)\PICC\Devices\18F67J94.h
   42     0   0  ..\cigs\hal\timer.h
   28     0   0  ..\cigs\hal\uart.h
   17     0   0  ..\cigs\hal\gpio.h
   12     0   0  ..\cigs\device_driver\ad7490_driver.h
   11     0   0  ..\cigs\device_driver\mcp4901_driver.h
   24     0   0  ..\lib\communication\typedef_content.h
   12     0   0  ..\lib\communication\value_status.h
   13     0   0  ..\lib\tool\calc_tools.h
  107     0   0  ..\lib\tool\smf_queue.h
  206     0   0  ..\lib\tool\mmj_smf_memorymap.h
  100     0   0  ..\lib\device\mt25q.h
  143     0   0  ..\lib\device\ad7490.h
   35     0   0  ..\lib\device\mcp4901.h
   79     0   0  ..\lib\communication\communication.h
   34     0   0  ..\lib\communication\frame.h
   17     0   0  ..\lib\communication\communication_driver.h
   23     0   0  ..\lib\communication\mission_tools.h
  125     0   0  domain\sato_iv.h
  127     0   0  domain\sato_flash.h
   30     0   0  domain\sato_piclog.h
   28     0   0  application\sato_excute_mission.h
   58     0   0  application\sato_mode_mission.h
   65     0   0  application\sato_mode_flash.h
   54    21   1  ..\cigs\hal\timer.c
   25     9   1  ..\cigs\hal\uart.c
   48    18   1  ..\cigs\hal\gpio.c
  141     0   0  ..\cigs\hal\cigs_config.h
   10     0   0  ..\lib\tool\types.h
  135    71   4  ..\cigs\device_driver\ad7490_driver.c
   58    30   2  ..\cigs\device_driver\mcp4901_driver.c
   35    20   1  ..\lib\device\ad7490.c
   25    17   1  ..\lib\device\mcp4901.c
  576   284  17  ..\lib\device\mt25q.c
   60    15   1  ..\lib\tool\calc_tools.c
   93    49   3  ..\lib\tool\smf_queue.c
  127    64   4  ..\lib\communication\communication.c
   17     3   0  ..\lib\communication\communication_driver.c
   82    48   3  ..\lib\communication\mission_tools.c
  375   221  13  domain\sato_iv.c
   29    11   1  domain\sato_piclog.c
  339   186  11  domain\sato_smf.c
   81     0   0  domain\sato_smf.h
  253   115   7  domain\sato_flash.c
  295   139   8  application\sato_excute_mission.c
  219    87   5  application\sato_mode_mission.c
  400   202  12  application\sato_mode_flash.c
----- -----
 6599  1644 Total

Page ROM  %  RAM    Vol Diff  Functions:
---- --- --- ---    --- ----  ----------
0     46   0    1             @delay_ms1
0     16   0    0             @PUTCHARI_BIU_1
0     40   0    0             @GETCH_BIU_1
0     16   0    0             @PUTCHARI_BIU_2
0     96   1    6             @SPI_XFER_1
0     96   1    6             @SPI_XFER_2
0    102   1    7             @SPI_XFER_3
0     88   1    7             @SPI_XFER_4
0    136   1    0     82  2.8  TIMER0_isr
0     34   0    0     29  1.2  TIMER1_isr
0     82   1    0    302  2.7  timer_init
0     20   0    0             @const1622
0     54   0    3             @PSTRINGC_9600_31781_31772
0     12   0    0             @const1627
0     20   0    4     30  1.7  set_current_sec
0     18   0    0     13  1.0  get_current_sec
0     14   0    0     14  0.7  get_current_msec
0     72   0    4    152  5.2  boss_receive_isr
0     42   0    0     90  1.5  setup_uart_to_boss
0     18   0    0             @const1628
0     12   0    0             @const1629
0     60   0    6    109  2.4  clear_receive_signal
0     36   0    0             @MEMSET
0     36   0    1     69  1.9  connect_negative_power1
0      8   0    0     17  0.8  connect_port1
0      8   0    0     17  0.8  disconnect_port1
0      8   0    0     17  0.8  connect_port2
0      8   0    0     21  0.4  disconnect_port2
0    264   2    2    358  4.1  ad7490_init
0     20   0    0             @const1641
0    124   1    2             @PRINTF_X_9600_31781_31772
0     18   0    0             @const1647
0     22   0    0             @const1648
0     12   0    0             @const1649
0    128   1    7    359  3.7  ad7490_read
0    460   3    2    687  4.3  mcp4901_init
0     22   0    0             @const1664
0     32   0    0             @const1667
0     36   0    0             @const1668
0     32   0    0             @const1670
0     36   0    0             @const1671
0     12   0    0             @const1672
0     62   0    4    138  2.5  mcp4901_1_write
0     62   0    4    138  2.5  mcp4901_2_write
0    112   1    4   1087  3.9  ad7490_make_cmd
0    340   2    6   1175  3.9  mcp4901_make_cmd
0    240   2   13    441  9.3  spi_xfer_select_stream
0    564   4   28    806 10.1  spi_xfer_and_read_select_stream
0    380   2   18    804 10.3  spi_xfer_two_datas_select_stream
0     48   0    4     33  1.7  flash_setting
0     84   1    6             @WRITEBITA
0    160   1    6    199  3.8  status_register
0    860   6   25   2032  9.9  sector_erase
0    804   5   25   1949  9.9  subsector_4kByte_erase
0    532   3   28   1445  8.5  read_data_bytes
0    844   5   29   2149 10.6  write_data_bytes
0    200   1   25    353  5.6  is_connect
0    108   1    4    201  7.9  calc_crc8
0     78   1    6    176  5.9  is_crc_valid
0    634   4    9    794  6.6  enqueue_flash_operation
0     26   0    0             @const1756
0     26   0    0             @const1758
0     98   1    2    253  5.7  dequeue_flash_operation
0     24   0    0             @const1759
0     30   0    0     44  2.1  is_empty_flash_queue
0    392   3    9    906  4.2  get_smf_address_struct
0    514   3   25   1307  9.6  make_receive_command
0     32   0    0             @const1763
0     14   0    0             @const1764
0     28   0    0             @const1773
0    168   1    5    387  7.3  trim_receive_signal_header
0     22   0    0             @const1775
0     18   0    0             @const1776
0    192   1    4    295  7.4  get_content_size
0     36   0    0             @const1778
0     58   0    4             @PSTRINGCN_9600_31781_31772
0    240   2    6    356  5.9  check_crc
0     18   0    0             @const1783
0     24   0    0             @const1784
0     24   0    0             @const1785
0    192   1    1    194  3.4  check_device_id
0     34   0    0             @const1786
0     24   0    0             @const1787
0     24   0    0             @const1788
0    148   1   25    457  5.9  transmit_command
0    190   1    6    351  4.4  transmit
0     14   0    0             @const1793
0     20   0    0     33  1.3  transmit_ack
0     24   0    0     38  1.7  transmit_status
0     36   0    0             @const1798
0     56   0    0             @const1801
0     26   0    0             @const1804
0     26   0    0             @const1806
0     28   0    0             @const1807
0     56   0    0             @const1808
0     34   0    0             @const1809
0     64   0    0    114  1.6  check_and_respond_to_boss
0   5906  38 2079   2860  9.0  sweep_with_print
0     18   0    0             @const1817
0     18   0    0             @const1818
0     18   0    0             @const1819
0     12   0    0             @const1820
0     26   0    0             @const1821
0     34   0    5             @MUL1616
0   5492  36 2083   2358  9.1  test_sweep
0   3186  21 1076   2773 11.3  sweep
0   2176  14  146   5168 11.7  log_meas_data
0    130   1   12    302  4.2  create_meas_data
0     16   0    2     38  2.4  calc_pd_value
0    274   2   14    192  3.0  calc_curr_value
0     70   0    2             @ITOF
0    332   2   11             @MULFF
0    710   5   14             @DIVFF
0   1196   8   16             @ADDFF
0     90   1    4             @SFTOI
0    296   2   13    572  5.8  piclog_make
0     12   0    0             @const1868
0    104   1    0             @const1932
0    384   2   68    349  4.6  smf_data_table_init
0     28   0    0             @const1935
0    386   2    5    454  6.0  read_smf_header
0     16   0    0             @const1941
0     72   0    3             @DIV88
0    310   2    6             @PRINTF_D_9600_31781_31772
0     44   0    0             @const1948
0    380   2   72    586  7.2  smf_write_header
0     52   0    0             @const1952
0   1700  11   10   1234  3.9  print_smf_counter_status
0     26   0    0             @const1953
0     28   0    0             @const1954
0     36   0    0             @const1955
0     28   0    0             @const1956
0     28   0    0             @const1957
0     30   0    0             @const1958
0     28   0    0             @const1959
0     30   0    0             @const1960
0     28   0    0             @const1961
0     48   0    0             @const1962
1   3536  23  173   5233 14.2  smf_write
0     36   0    0             @const1963
0     36   0    0             @const1964
0     34   0    0             @const1965
0     30   0    0             @const1966
0     28   0    0             @const1974
0     30   0    0             @const1975
0     30   0    0             @const1976
0     28   0    0             @const1977
0     26   0    0             @const1978
0     28   0    0             @const1979
0     26   0    0             @const1980
0     32   0    0             @const1981
0     18   0    0             @const1982
0     14   0    0             @const1983
0     20   0    0             @const1984
0     18   0    0             @const1985
0     16   0    0             @const1986
0     16   0    0             @const1987
0     16   0    0             @const1988
0     20   0    0             @const1989
0     16   0    0             @const1990
0     14   0    0             @const1991
0     20   0    0             @const1992
0     18   0    0             @const1993
0     16   0    0             @const1994
0     16   0    0             @const1995
0     16   0    0             @const1996
0     20   0    0             @const1997
0     20   0    0             @const2001
0     22   0    0             @const2006
0     38   0    0             @const2007
0     36   0    0             @const2008
0   1836  12  102   1942 14.1  smf_read
0     26   0    0             @const2009
0     24   0    0             @const2010
0     76   0    0             @const2015
0     56   0    0             @const2017
0    218   1   13             @DIV3232
0    262   2   12             @PRINTF_L32U_9600_31781_31772
0     34   0    0             @const2023
0     40   0    0             @const2024
0     50   0    0             @const2025
0     30   0    0             @const2026
0     24   0    0             @const2027
0     24   0    0             @const2034
0     26   0    0             @const2035
1   1666  11   30   1514 11.0  smf_erase
0     26   0    0             @const2036
0     26   0    0             @const2037
0     30   0    0             @const2041
0     40   0    0             @const2042
0     30   0    0             @const2043
0     78   1    0             @const2044
0     64   0    0             @const2045
0     52   0    0             @const2046
0     50   0    0             @const2047
0     30   0    0             @const2050
0     26   0    0             @const2051
0     26   0    0             @const2052
0    104   1    0             @const1485
0    696   5   69   1529  7.3  misf_init
0     28   0    0             @const2053
0     22   0    0             @const2054
0     26   0    0             @const2055
0     20   0    0             @const2056
0     24   0    0             @const2057
0     18   0    0             @const2060
0     46   0    0             @const2061
0     12   0    0             @const2062
0   2058  13    0   1947  3.0  print_MISF_ADDRESS_TABLE
0     28   0    0             @const2063
0     44   0    0             @const2064
0     26   0    0             @const2065
0     22   0    0             @const2066
0     30   0    0             @const2067
0     26   0    0             @const2068
0     22   0    0             @const2069
0     30   0    0             @const2070
0     28   0    0             @const2071
0     22   0    0             @const2072
0     30   0    0             @const2073
0     26   0    0             @const2074
0     22   0    0             @const2075
0     30   0    0             @const2076
0     28   0    0             @const2077
0     22   0    0             @const2078
0     30   0    0             @const2079
0     26   0    0             @const2080
0     22   0    0             @const2081
0     30   0    0             @const2082
0     54   0    0             @const2083
0   2518  16  163   2965  8.8  misf_write_data
0    354   2   70    817  6.3  make_flash_data_table
0    140   1   68    210  4.5  misf_update_address_area
0     40   0    0             @const2104
0     52   0    0             @const2105
0   1468  10   26   2834  7.8  execute_mission
0     70   0    0             @const2107
0     20   0    0             @const2108
0     44   0    0             @const2117
0    288   2    9             @PRINTF_LU_9600_31781_31772
0    188   1    2             @PRINTF_U_9600_31781_31772
0     24   0    0             @const2123
0     70   0    0             @const2124
0    136   1    2    315  5.3  execute_command
0     24   0    0             @const2125
0     40   0    0             @goto24621
0    104   1    4    251  4.4  handle_uplink_command
0     22   0    0             @const2127
0     26   0    0             @const2128
0     86   1    2    206  4.3  handle_status_check
0     20   0    0             @const2129
0     30   0    0             @const2130
0     28   0    0             @const2131
1    706   5   15   1070 10.1  handle_smf_available
0     26   0    0             @const2132
0     32   0    0             @const2133
0     14   0    0             @const2134
0     16   0    0             @const2135
0     54   0    0             @const2138
0    390   3   12             @PRINTF_L32D_9600_31781_31772
0     28   0    0             @const2141
0     32   0    0             @const2142
1    744   5   22    817  6.0  handle_recieve_time
0     20   0    0             @const2143
0     26   0    0             @const2144
0     44   0    0             @const2150
0   1504  10   52   2406  7.6  mode_meas_iv
0     22   0    0             @const2151
0     18   0    0             @const2158
0     22   0    0             @const2159
0     22   0    0             @const2160
0     22   0    0             @const2161
0     22   0    0             @const2162
0     22   0    0             @const2163
0     22   0    0             @const2164
0     18   0    0             @const2166
0     22   0    0             @const2167
0     22   0    0             @const2168
0     22   0    0             @const2169
0     22   0    0             @const2170
0     22   0    0             @const2171
0     22   0    0             @const2172
0     28   0    0             @const2173
0    740   5   23    763  3.5  mode_meas_iv_debug
0     22   0    0             @const2174
0     12   0    0             @const2176
0     28   0    0             @const2177
0     28   0    0             @const2178
0     28   0    0             @const2179
0     28   0    0             @const2180
0     28   0    0             @const2181
0     28   0    0             @const2184
0    250   2   36    511  7.5  mode_meas_env
0     36   0    0             @const2195
0    248   2   15    525  6.0  make_meas_iv_cmd
0    606   4   10    538  3.5  print_meas_iv_cmd
0     30   0    0             @const2200
0     12   0    0             @const2201
0     28   0    0             @const2202
0     30   0    0             @const2203
0     28   0    0             @const2204
0     28   0    0             @const2205
0     30   0    0             @const2206
0    560   4   26    688  8.0  mode_meas_pd
0     22   0    0             @const2207
0    116   1   14             @MUL3232
0     20   0    0             @const2218
0    222   1    7    276  4.2  mode_misf_erase_all
0     24   0    0             @const2219
0     22   0    0             @const2222
0    408   3   18    445  4.2  mode_misf_erase_1sector
0     30   0    0             @const2223
0     28   0    0             @const2226
0     28   0    0             @const2227
0    408   3   18    445  4.2  mode_misf_erase_4kbyte_subsector
0     38   0    0             @const2228
0     30   0    0             @const2231
0     36   0    0             @const2232
0    372   2   18    486  4.8  mode_misf_erase_64kbyte_subsector
0     38   0    0             @const2233
0     30   0    0             @const2236
0     36   0    0             @const2237
0   1600  10   97   2484 11.0  mode_misf_write_demo
0     26   0    0             @const2238
0     20   0    0             @const2240
0     22   0    0             @const2241
0     22   0    0             @const2242
0     14   0    0             @const2246
0     70   0    0             @const2250
0     70   0    0             @const2252
0     24   0    0             @const2254
0    120   1    7    218  2.8  mode_misf_write_4kbyte_subsector
0     38   0    0             @const2255
0     36   0    0             @const2257
0   2046  13   98   2705 11.4  mode_misf_read
0     20   0    0             @const2258
0     20   0    0             @const2260
0     22   0    0             @const2261
0     22   0    0             @const2262
0     14   0    0             @const2265
0     34   0    0             @const2266
0     66   0    0             @const2268
0     48   0    0             @const2270
0     10   0    0             @const2274
0     18   0    0             @const2278
0    276   2   10    348  2.9  mode_misf_read_address
0     28   0    0             @const2279
0     34   0    0             @const2282
0     26   0    0             @const2283
0     88   1    3    158  2.1  mode_misf_erase_and_reset
0     30   0    0             @const2284
0     28   0    0             @const2285
0    220   1  267    333  3.0  mode_smf_copy
0     24   0    0             @const2286
0     22   0    0             @const2291
0    754   5   84   1039  9.0  mode_smf_read
0     24   0    0             @const2292
0     22   0    0             @const2296
0     22   0    0             @const2297
0     12   0    0             @const2298
0     24   0    0             @const2302
0    104   1    6    160  2.7  mode_smf_erase
0     24   0    0             @const2303
0     22   0    0             @const2305
0    500   3   69   1196  5.4  mode_misf_address_reset
0     28   0    0             @const2306
0     26   0    0             @const2314
0   1072   7   90   1190  8.7  mode_smf_read_force
0     24   0    0             @const2318
0     30   0    0             @const2319
0     22   0    0             @const2320
0     22   0    0             @const2321
0     12   0    0             @const2322
0     30   0    0             @const2328
0    236   2    7    276  4.2  mode_smf_erase_force
0     22   0    0             @const2329
0     20   0    0             @const2332
0    384   2   71    325  4.2  mode_smf_address_reset
0     18   0    0             @const2333
0     16   0    0             @const2336
1   1452   9   14   1028  5.8  MAIN
0     70   0    0             @const2340
0     46   0    0             @const2341
0     38   0    0             @const2342
0     10   0    0             @const2343
0     10   0    0             @const2344
0     38   0    0             @const2346
0     30   0    0             @const2347
0     34   0    0             @const2349
0     32   0    0             @const2350
0     12   0    0             @const2352
 Inline         0             @cinit1

Program metrics:
    Functions               96
    Statements              1644
    Comments                1592
    Volume (V)              148251
    Difficulty (D)          507.3
    Effort to implement (E) 75213452
    Time to implement (T)   1160 hours, 42 minutes
    Est Delivered Bugs (B)  59
    Cyclomatic Complexity   195
    Maintainability (MI)    88

 Segment     Used  Free
-----------  ----  ----
00000-00004     6  0  
00006-00006     0  2  
00008-000E4   222  0  
000E6-0FFFE  64928  378  
10000-1FFEE  8104  57416  



